Source.obj : error LNK2019: unresolved external symbol __imp___glutInitWithExit referenced in function glutInit_ATEXIT_HACK
Source.obj : error LNK2019: unresolved external symbol __imp_glutInitDisplayMode referenced in function main
Source.obj : error LNK2019: unresolved external symbol __imp_glutInitWindowPosition referenced in function main
Source.obj : error LNK2019: unresolved external symbol __imp_glutInitWindowSize referenced in function main
Source.obj : error LNK2019: unresolved external symbol __imp_glutMainLoop referenced in function main
Source.obj : error LNK2019: unresolved external symbol __imp___glutCreateWindowWithExit referenced in function glutCreateWindow_ATEXIT_HACK
Source.obj : error LNK2019: unresolved external symbol __imp_glutPostRedisplay referenced in function "void __cdecl keyboard(unsigned char,int,int)" (?keyboard@@YAXEHH@Z)
Source.obj : error LNK2019: unresolved external symbol __imp_glutSwapBuffers referenced in function "void __cdecl display(void)" (?display@@YAXXZ)
Source.obj : error LNK2019: unresolved external symbol __imp___glutCreateMenuWithExit referenced in function glutCreateMenu_ATEXIT_HACK
Source.obj : error LNK2019: unresolved external symbol __imp_glutAddMenuEntry referenced in function main
Source.obj : error LNK2019: unresolved external symbol __imp_glutAddSubMenu referenced in function main
Source.obj : error LNK2019: unresolved external symbol __imp_glutAttachMenu referenced in function main
Source.obj : error LNK2019: unresolved external symbol __imp_glutDisplayFunc referenced in function main
Source.obj : error LNK2019: unresolved external symbol __imp_glutKeyboardFunc referenced in function main
Source.obj : error LNK2019: unresolved external symbol __imp_glutSpecialFunc referenced in function main
Source.obj : error LNK2019: unresolved external symbol __imp_glutWireSphere referenced in function "void __cdecl display(void)" (?display@@YAXXZ)
Source.obj : error LNK2019: unresolved external symbol __imp_glutWireCube referenced in function "void __cdecl display(void)" (?display@@YAXXZ)
Source.obj : error LNK2019: unresolved external symbol __imp_glutSolidCube referenced in function "void __cdecl display(void)" (?display@@YAXXZ)
C:\glut\lib\glut32.lib : warning LNK4272: library machine type 'x86' conflicts with target machine type 'x64'
D:\task 3\Full-Scene\x64\Debug\Project3.exe : fatal error LNK1120: 18 unresolved externals
